d:\tetris\tetris first try\project3\debug\vc142.pdb
d:\tetris\tetris first try\project3\debug\vc142.idb
d:\tetris\tetris first try\project3\debug\main.obj
d:\tetris\tetris first try\project3\debug\mario.obj
d:\tetris\tetris first try\debug\project3.exe
d:\tetris\tetris first try\debug\project3.ilk
d:\tetris\tetris first try\debug\project3.pdb
d:\github projects\tetris_side_project\project3\debug\main.obj
d:\github projects\tetris_side_project\project3\debug\mario.obj
d:\github projects\tetris_side_project\project3\debug\vc142.idb
d:\github projects\tetris_side_project\project3\debug\vc142.pdb
d:\github projects\tetris_side_project\debug\project3.pdb
d:\github projects\tetris_side_project\debug\project3.exe
d:\github projects\tetris_side_project\debug\project3.ilk
d:\github projects\tetris_side_project\project3\debug\project3.tlog\cl.command.1.tlog
d:\github projects\tetris_side_project\project3\debug\project3.tlog\cl.read.1.tlog
d:\github projects\tetris_side_project\project3\debug\project3.tlog\cl.write.1.tlog
d:\github projects\tetris_side_project\project3\debug\project3.tlog\link.command.1.tlog
d:\github projects\tetris_side_project\project3\debug\project3.tlog\link.read.1.tlog
d:\github projects\tetris_side_project\project3\debug\project3.tlog\link.write.1.tlog
